<?xml version="1.0" encoding="UTF-8"?>
<!-- Generated by org.testng.reporters.JUnitReportReporter -->
<testsuite hostname="DESKTOP-OK65LJV" failures="0" tests="2" name="assignment01.DDTestUsingJSON" time="56.640" errors="0" timestamp="2022-02-02T15:44:07 IST" skipped="0">
  <testcase classname="assignment01.DDTestUsingJSON" name="login" time="39.489"/>
  <system-out/>
  <testcase classname="assignment01.DDTestUsingJSON" name="login" time="17.151"/>
  <system-out/>
</testsuite> <!-- assignment01.DDTestUsingJSON -->
